C51 COMPILER V9.01   MAIN                                                                  04/02/2023 17:39:52 PAGE 1   


C51 COMPILER V9.01, COMPILATION OF MODULE MAIN
OBJECT MODULE PLACED IN .\output\main.obj
COMPILER INVOKED BY: E:\Keil_v4\C51\BIN\C51.EXE App\main.c BROWSE INCDIR(.\App;.\Mid_Driver;.\Mid_Driver\inc) DEBUG OBJE
                    -CTEXTEND PRINT(.\listing\main.lst) OBJECT(.\output\main.obj)

line level    source

   1          
   2          #include "hml.h"
   3          
   4          
   5          sbit  LED0=P4^5;                         //定义LED0指示灯
   6          sbit  LED1=P4^6;                         //定义LED1指示灯
   7          
   8          void delayms(unsigned int m)
   9          {
  10   1          int  a, b;
  11   1      
  12   1          for(a=0;a<5000;a++)
  13   1          for(b=0;b<m;b++);
  14   1                 
  15   1      }
  16          
  17          void main(void)
  18          {
  19   1      
  20   1          //配置io 为准双向
  21   1        P4M0=0X00;
  22   1        P4M1=0X00;
  23   1        while(1)
  24   1        {
  25   2              LED0=0;
  26   2              LED1=0;
  27   2              delayms(100);
  28   2              LED0=1;
  29   2              LED1=1;
  30   2              delayms(100);
  31   2        }
  32   1      
  33   1      }


MODULE INFORMATION:   STATIC OVERLAYABLE
   CODE SIZE        =     57    ----
   CONSTANT SIZE    =   ----    ----
   XDATA SIZE       =   ----    ----
   PDATA SIZE       =   ----    ----
   DATA SIZE        =   ----    ----
   IDATA SIZE       =   ----    ----
   BIT SIZE         =   ----    ----
END OF MODULE INFORMATION.


C51 COMPILATION COMPLETE.  0 WARNING(S),  0 ERROR(S)
