C51 COMPILER V9.01   UTIL                                                                  04/16/2023 08:44:26 PAGE 1   


C51 COMPILER V9.01, COMPILATION OF MODULE UTIL
OBJECT MODULE PLACED IN .\output\util.obj
COMPILER INVOKED BY: E:\Keil_v4\C51\BIN\C51.EXE Mid_Driver\src\util.c BROWSE INCDIR(.\App;.\Mid_Driver;.\Mid_Driver\inc)
                    - DEBUG OBJECTEXTEND PRINT(.\listing\util.lst) OBJECT(.\output\util.obj)

line level    source

   1          /*****************************************************************************/
   2          /** 
   3           * \file        util.c
   4           * \author      Xiaoyu Ren
   5           * \brief       public operations
   6           * \note        
   7           * \version     v0.1
   8           * \ingroup     util
   9          ******************************************************************************/
  10          
  11          #include "util.h"
  12          
  13          #ifdef COMPILE_UTIL
  14          
  15          uint16_t ticks_ms    = (__CONF_FOSC / ((__CONF_CLKDIV == 0)? 1 : __CONF_CLKDIV) / __CLK_REF);
  16          uint8_t  ticks_us    = (__CONF_FOSC / ((__CONF_CLKDIV == 0)? 1 : __CONF_CLKDIV) / __CLK_REF / 1000);
  17          
  18          
  19          
  20          /*****************************************************************************/
  21          /**
  22           * \author      Weilun Fong
  23           * \date        
  24           * \brief       disable master switch of MCU interrupt
  25           * \param[in]   
  26           * \return      none
  27           * \ingroup     UTIL
  28           * \remarks     
  29          ******************************************************************************/
  30          void disableAllInterrupts(void)
  31          {
  32   1          EA = DISABLE;
  33   1      }
  34          
  35          /*****************************************************************************/
  36          /**
  37           * \author      Weilun Fong
  38           * \date        
  39           * \brief       enable master switch of MCU interrupt
  40           * \param[in]   
  41           * \return      none
  42           * \ingroup     UTIL
  43           * \remarks     
  44          ******************************************************************************/
  45          void enableAllInterrupts(void)
  46          {
  47   1          EA = ENABLE;
  48   1      }
  49          
  50          /*****************************************************************************/
  51          /**
  52           * \author      IOsetting
  53           * \author      Xiaoyu Ren
  54           * \date        2023/04/04
C51 COMPILER V9.01   UTIL                                                                  04/16/2023 08:44:26 PAGE 2   

  55           * \brief       software delay according to MCU clock frequency
  56           * \param[in]   t: how many one ms you want to delay
  57           * \return      none
  58           * \ingroup     UTIL
  59           * \remarks
  60          ******************************************************************************/
  61          void Delay(uint16_t t)
  62          {
  63   1          uint16_t i;
  64   1          do
  65   1          {
  66   2              i = ticks_ms;
  67   2              while (--i);
  68   2          } while (--t);
  69   1      }
  70          
  71          
  72          /*****************************************************************************/
  73          /**
  74           * \author      IOsetting
  75           * \author      Xiaoyu Ren
  76           * \date        2023/04/04
  77           * \brief       software delay according to MCU clock frequency
  78           * \param[in]   t: how many one us you want to delay
  79           * \return      none
  80           * \ingroup     UTIL
  81           * \remarks
  82          ******************************************************************************/
  83          void Delay_us(uint16_t t)
  84          {
  85   1          uint8_t i;
  86   1          do
  87   1          {
  88   2              i = ticks_us;
  89   2              while (--i);
  90   2          } while (--t);
  91   1      }
  92          
  93          
  94          #endif


MODULE INFORMATION:   STATIC OVERLAYABLE
   CODE SIZE        =     43    ----
   CONSTANT SIZE    =   ----    ----
   XDATA SIZE       =   ----    ----
   PDATA SIZE       =   ----    ----
   DATA SIZE        =      3    ----
   IDATA SIZE       =   ----    ----
   BIT SIZE         =   ----    ----
END OF MODULE INFORMATION.


C51 COMPILATION COMPLETE.  0 WARNING(S),  0 ERROR(S)
