Change Component Designator: Old Designator=BEEP? New Designator=BEEP1
Change Component Designator: Old Designator=C39 New Designator=C6
Change Component Designator: Old Designator=C39 New Designator=C9
Change Component Designator: Old Designator=C39 New Designator=C11
Change Component Designator: Old Designator=C41 New Designator=C4
Change Component Designator: Old Designator=C41 New Designator=C5
Change Component Designator: Old Designator=C41 New Designator=C7
Change Component Designator: Old Designator=C41 New Designator=C8
Change Component Designator: Old Designator=C41 New Designator=C10
Change Component Designator: Old Designator=C42 New Designator=C12
Change Component Designator: Old Designator=D13 New Designator=D5
Change Component Designator: Old Designator=D14 New Designator=D6
Change Component Designator: Old Designator=J? New Designator=J2
Change Component Designator: Old Designator=MOTOR? New Designator=MOTOR1
Change Component Designator: Old Designator=Q6 New Designator=Q2
Change Component Designator: Old Designator=Q6 New Designator=Q3
Change Component Designator: Old Designator=Q13 New Designator=Q1
Change Component Designator: Old Designator=R14 New Designator=R11
Change Component Designator: Old Designator=R14 New Designator=R15
Change Component Designator: Old Designator=R17 New Designator=R13
Change Component Designator: Old Designator=R20 New Designator=R14
Change Component Designator: Old Designator=R20 New Designator=R18
Change Component Designator: Old Designator=R24 New Designator=R16
Change Component Designator: Old Designator=R25 New Designator=R10
Change Component Designator: Old Designator=R25 New Designator=R12
Change Component Designator: Old Designator=R39 New Designator=R4
Change Component Designator: Old Designator=R40 New Designator=R5
Change Component Designator: Old Designator=R83 New Designator=R8
Change Component Designator: Old Designator=R84 New Designator=R6
Change Component Designator: Old Designator=R84 New Designator=R9
Change Component Designator: Old Designator=R85 New Designator=R7
Change Component Designator: Old Designator=U? New Designator=U2
Change Component Designator: Old Designator=U? New Designator=U3
Change Component Designator: Old Designator=U? New Designator=U4
