Change Component Designator: Old Designator=C18 New Designator=C30
Change Component Designator: Old Designator=C19 New Designator=C31
Change Component Designator: Old Designator=C31 New Designator=C28
Change Component Designator: Old Designator=C32 New Designator=C29
Change Component Designator: Old Designator=C136 New Designator=C20
Change Component Designator: Old Designator=C137 New Designator=C21
Change Component Designator: Old Designator=C139 New Designator=C22
Change Component Designator: Old Designator=C150 New Designator=C23
Change Component Designator: Old Designator=C157 New Designator=C24
Change Component Designator: Old Designator=C159 New Designator=C25
Change Component Designator: Old Designator=C160 New Designator=C26
Change Component Designator: Old Designator=C161 New Designator=C27
Change Component Designator: Old Designator=CD9 New Designator=CD2
Change Component Designator: Old Designator=CD9 New Designator=CD3
Change Component Designator: Old Designator=D1 New Designator=D9
Change Component Designator: Old Designator=D2 New Designator=D11
Change Component Designator: Old Designator=D13 New Designator=D10
Change Component Designator: Old Designator=D13 New Designator=D12
Change Component Designator: Old Designator=DC? New Designator=DC1
Change Component Designator: Old Designator=R39 New Designator=R29
Change Component Designator: Old Designator=R39 New Designator=R32
Change Component Designator: Old Designator=R103 New Designator=R27
Change Component Designator: Old Designator=R104 New Designator=R28
Change Component Designator: Old Designator=R108 New Designator=R30
Change Component Designator: Old Designator=R112 New Designator=R31
Change Component Designator: Old Designator=SW5 New Designator=SW2
Change Component Designator: Old Designator=TP13 New Designator=TP1
Change Component Designator: Old Designator=TP14 New Designator=TP2
Change Component Designator: Old Designator=U12 New Designator=U8
Change Component Designator: Old Designator=U19 New Designator=U7
